14:30:45.837 INFO  NativeLibraryLoader - Loading libgkl_compression.so from jar:file:/gatk/gatk-package-4.1.3.0-local.jar!/com/intel/gkl/native/libgkl_compression.so
Jul 18, 2024 2:30:47 PM shaded.cloud_nio.com.google.auth.oauth2.ComputeEngineCredentials runningOnComputeEngine
INFO: Failed to detect whether we are running on Google Compute Engine.
14:30:47.950 INFO  SelectVariants - ------------------------------------------------------------
14:30:47.950 INFO  SelectVariants - The Genome Analysis Toolkit (GATK) v4.1.3.0
14:30:47.950 INFO  SelectVariants - For support and documentation go to https://software.broadinstitute.org/gatk/
14:30:47.950 INFO  SelectVariants - Executing as root@2296f2c9f636 on Linux v5.15.0-113-generic amd64
14:30:47.951 INFO  SelectVariants - Java runtime: OpenJDK 64-Bit Server VM v1.8.0_191-8u191-b12-0ubuntu0.16.04.1-b12
14:30:47.951 INFO  SelectVariants - Start Date/Time: July 18, 2024 2:30:45 PM UTC
14:30:47.951 INFO  SelectVariants - ------------------------------------------------------------
14:30:47.951 INFO  SelectVariants - ------------------------------------------------------------
14:30:47.952 INFO  SelectVariants - HTSJDK Version: 2.20.1
14:30:47.952 INFO  SelectVariants - Picard Version: 2.20.5
14:30:47.952 INFO  SelectVariants - HTSJDK Defaults.COMPRESSION_LEVEL : 2
14:30:47.952 INFO  SelectVariants - HTSJDK Defaults.USE_ASYNC_IO_READ_FOR_SAMTOOLS : false
14:30:47.952 INFO  SelectVariants - HTSJDK Defaults.USE_ASYNC_IO_WRITE_FOR_SAMTOOLS : true
14:30:47.952 INFO  SelectVariants - HTSJDK Defaults.USE_ASYNC_IO_WRITE_FOR_TRIBBLE : false
14:30:47.952 INFO  SelectVariants - Deflater: IntelDeflater
14:30:47.952 INFO  SelectVariants - Inflater: IntelInflater
14:30:47.952 INFO  SelectVariants - GCS max retries/reopens: 20
14:30:47.952 INFO  SelectVariants - Requester pays: disabled
14:30:47.952 INFO  SelectVariants - Initializing engine
14:30:48.123 INFO  FeatureManager - Using codec VCFCodec to read file file:///gatk/my_data/HG006_MRG_35x.hard-filtered.vcf.gz
14:30:48.212 INFO  SelectVariants - Done initializing engine
14:30:48.274 INFO  ProgressMeter - Starting traversal
14:30:48.275 INFO  ProgressMeter -        Current Locus  Elapsed Minutes    Variants Processed  Variants/Minute
14:30:50.489 INFO  ProgressMeter -       chr22:19932078              0.0                107882        2923631.4
14:30:50.490 INFO  ProgressMeter - Traversal complete. Processed 107882 total variants in 0.0 minutes.
14:30:50.513 INFO  SelectVariants - Shutting down engine
[July 18, 2024 2:30:50 PM UTC] org.broadinstitute.hellbender.tools.walkers.variantutils.SelectVariants done. Elapsed time: 0.08 minutes.
Runtime.totalMemory()=607125504
Using GATK jar /gatk/gatk-package-4.1.3.0-local.jar
Running:
    java -Dsamjdk.use_async_io_read_samtools=false -Dsamjdk.use_async_io_write_samtools=true -Dsamjdk.use_async_io_write_tribble=false -Dsamjdk.compression_level=2 -jar /gatk/gatk-package-4.1.3.0-local.jar SelectVariants -V /gatk/my_data/HG006_MRG_35x.hard-filtered.vcf.gz -select-type SNP -O /gatk/my_data/filtered_vcfs/HG006_MRG_35x.hard-filtered_snps.vcf.gz
