14:30:52.024 INFO  NativeLibraryLoader - Loading libgkl_compression.so from jar:file:/gatk/gatk-package-4.1.3.0-local.jar!/com/intel/gkl/native/libgkl_compression.so
Jul 18, 2024 2:30:53 PM shaded.cloud_nio.com.google.auth.oauth2.ComputeEngineCredentials runningOnComputeEngine
INFO: Failed to detect whether we are running on Google Compute Engine.
14:30:53.679 INFO  VariantFiltration - ------------------------------------------------------------
14:30:53.680 INFO  VariantFiltration - The Genome Analysis Toolkit (GATK) v4.1.3.0
14:30:53.680 INFO  VariantFiltration - For support and documentation go to https://software.broadinstitute.org/gatk/
14:30:53.680 INFO  VariantFiltration - Executing as root@2296f2c9f636 on Linux v5.15.0-113-generic amd64
14:30:53.680 INFO  VariantFiltration - Java runtime: OpenJDK 64-Bit Server VM v1.8.0_191-8u191-b12-0ubuntu0.16.04.1-b12
14:30:53.680 INFO  VariantFiltration - Start Date/Time: July 18, 2024 2:30:52 PM UTC
14:30:53.680 INFO  VariantFiltration - ------------------------------------------------------------
14:30:53.680 INFO  VariantFiltration - ------------------------------------------------------------
14:30:53.681 INFO  VariantFiltration - HTSJDK Version: 2.20.1
14:30:53.681 INFO  VariantFiltration - Picard Version: 2.20.5
14:30:53.681 INFO  VariantFiltration - HTSJDK Defaults.COMPRESSION_LEVEL : 2
14:30:53.681 INFO  VariantFiltration - HTSJDK Defaults.USE_ASYNC_IO_READ_FOR_SAMTOOLS : false
14:30:53.681 INFO  VariantFiltration - HTSJDK Defaults.USE_ASYNC_IO_WRITE_FOR_SAMTOOLS : true
14:30:53.681 INFO  VariantFiltration - HTSJDK Defaults.USE_ASYNC_IO_WRITE_FOR_TRIBBLE : false
14:30:53.681 INFO  VariantFiltration - Deflater: IntelDeflater
14:30:53.681 INFO  VariantFiltration - Inflater: IntelInflater
14:30:53.681 INFO  VariantFiltration - GCS max retries/reopens: 20
14:30:53.681 INFO  VariantFiltration - Requester pays: disabled
14:30:53.681 INFO  VariantFiltration - Initializing engine
14:30:53.847 INFO  FeatureManager - Using codec VCFCodec to read file file:///gatk/my_data/filtered_vcfs/HG006_MRG_35x.hard-filtered_snps.vcf.gz
14:30:53.958 INFO  VariantFiltration - Done initializing engine
14:30:54.021 INFO  ProgressMeter - Starting traversal
14:30:54.021 INFO  ProgressMeter -        Current Locus  Elapsed Minutes    Variants Processed  Variants/Minute
14:30:55.764 INFO  ProgressMeter -       chr22:19932078              0.0                107882        3713666.1
14:30:55.765 INFO  ProgressMeter - Traversal complete. Processed 107882 total variants in 0.0 minutes.
14:30:55.787 INFO  VariantFiltration - Shutting down engine
[July 18, 2024 2:30:55 PM UTC] org.broadinstitute.hellbender.tools.walkers.filters.VariantFiltration done. Elapsed time: 0.06 minutes.
Runtime.totalMemory()=555745280
Using GATK jar /gatk/gatk-package-4.1.3.0-local.jar
Running:
    java -Dsamjdk.use_async_io_read_samtools=false -Dsamjdk.use_async_io_write_samtools=true -Dsamjdk.use_async_io_write_tribble=false -Dsamjdk.compression_level=2 -jar /gatk/gatk-package-4.1.3.0-local.jar VariantFiltration -V /gatk/my_data/filtered_vcfs/HG006_MRG_35x.hard-filtered_snps.vcf.gz -filter QUAL < 20 --filter-name QUAL20 -filter DP < 5 --filter-name DP5 -O /gatk/my_data/filtered_vcfs/HG006_MRG_35x.hard-filtered_snps_filtered.vcf.gz
