14:30:27.892 INFO  NativeLibraryLoader - Loading libgkl_compression.so from jar:file:/gatk/gatk-package-4.1.3.0-local.jar!/com/intel/gkl/native/libgkl_compression.so
Jul 18, 2024 2:30:29 PM shaded.cloud_nio.com.google.auth.oauth2.ComputeEngineCredentials runningOnComputeEngine
INFO: Failed to detect whether we are running on Google Compute Engine.
14:30:29.545 INFO  IndexFeatureFile - ------------------------------------------------------------
14:30:29.546 INFO  IndexFeatureFile - The Genome Analysis Toolkit (GATK) v4.1.3.0
14:30:29.546 INFO  IndexFeatureFile - For support and documentation go to https://software.broadinstitute.org/gatk/
14:30:29.546 INFO  IndexFeatureFile - Executing as root@2296f2c9f636 on Linux v5.15.0-113-generic amd64
14:30:29.546 INFO  IndexFeatureFile - Java runtime: OpenJDK 64-Bit Server VM v1.8.0_191-8u191-b12-0ubuntu0.16.04.1-b12
14:30:29.546 INFO  IndexFeatureFile - Start Date/Time: July 18, 2024 2:30:27 PM UTC
14:30:29.546 INFO  IndexFeatureFile - ------------------------------------------------------------
14:30:29.546 INFO  IndexFeatureFile - ------------------------------------------------------------
14:30:29.546 INFO  IndexFeatureFile - HTSJDK Version: 2.20.1
14:30:29.546 INFO  IndexFeatureFile - Picard Version: 2.20.5
14:30:29.546 INFO  IndexFeatureFile - HTSJDK Defaults.COMPRESSION_LEVEL : 2
14:30:29.546 INFO  IndexFeatureFile - HTSJDK Defaults.USE_ASYNC_IO_READ_FOR_SAMTOOLS : false
14:30:29.547 INFO  IndexFeatureFile - HTSJDK Defaults.USE_ASYNC_IO_WRITE_FOR_SAMTOOLS : true
14:30:29.547 INFO  IndexFeatureFile - HTSJDK Defaults.USE_ASYNC_IO_WRITE_FOR_TRIBBLE : false
14:30:29.547 INFO  IndexFeatureFile - Deflater: IntelDeflater
14:30:29.547 INFO  IndexFeatureFile - Inflater: IntelInflater
14:30:29.547 INFO  IndexFeatureFile - GCS max retries/reopens: 20
14:30:29.547 INFO  IndexFeatureFile - Requester pays: disabled
14:30:29.547 INFO  IndexFeatureFile - Initializing engine
14:30:29.547 INFO  IndexFeatureFile - Done initializing engine
14:30:29.719 INFO  FeatureManager - Using codec VCFCodec to read file file:///gatk/my_data/HG007_MRG_35x.hard-filtered.vcf.gz
14:30:29.754 INFO  ProgressMeter - Starting traversal
14:30:29.754 INFO  ProgressMeter -        Current Locus  Elapsed Minutes     Records Processed   Records/Minute
14:30:30.249 INFO  IndexFeatureFile - Shutting down engine
[July 18, 2024 2:30:30 PM UTC] org.broadinstitute.hellbender.tools.IndexFeatureFile done. Elapsed time: 0.04 minutes.
Runtime.totalMemory()=461897728
htsjdk.samtools.FileTruncatedException: Premature end of file: /gatk/my_data/HG007_MRG_35x.hard-filtered.vcf.gz
	at htsjdk.samtools.util.BlockCompressedInputStream.processNextBlock(BlockCompressedInputStream.java:530)
	at htsjdk.samtools.util.BlockCompressedInputStream.nextBlock(BlockCompressedInputStream.java:468)
	at htsjdk.samtools.util.BlockCompressedInputStream.readBlock(BlockCompressedInputStream.java:458)
	at htsjdk.samtools.util.BlockCompressedInputStream.available(BlockCompressedInputStream.java:196)
	at htsjdk.samtools.util.BlockCompressedInputStream.readLine(BlockCompressedInputStream.java:306)
	at htsjdk.tribble.readers.BlockCompressedAsciiLineReader.readLine(BlockCompressedAsciiLineReader.java:25)
	at htsjdk.tribble.readers.AsciiLineReaderIterator$TupleIterator.advance(AsciiLineReaderIterator.java:86)
	at htsjdk.tribble.readers.AsciiLineReaderIterator$TupleIterator.advance(AsciiLineReaderIterator.java:75)
	at htsjdk.samtools.util.AbstractIterator.next(AbstractIterator.java:57)
	at htsjdk.tribble.readers.AsciiLineReaderIterator.next(AsciiLineReaderIterator.java:48)
	at htsjdk.tribble.readers.AsciiLineReaderIterator.next(AsciiLineReaderIterator.java:26)
	at htsjdk.tribble.AsciiFeatureCodec.decode(AsciiFeatureCodec.java:70)
	at htsjdk.tribble.AsciiFeatureCodec.decode(AsciiFeatureCodec.java:37)
	at htsjdk.tribble.AbstractFeatureCodec.decodeLoc(AbstractFeatureCodec.java:43)
	at org.broadinstitute.hellbender.utils.codecs.ProgressReportingDelegatingCodec.decodeLoc(ProgressReportingDelegatingCodec.java:46)
	at htsjdk.tribble.index.IndexFactory$FeatureIterator.readNextFeature(IndexFactory.java:531)
	at htsjdk.tribble.index.IndexFactory$FeatureIterator.next(IndexFactory.java:492)
	at htsjdk.tribble.index.IndexFactory.createIndex(IndexFactory.java:374)
	at htsjdk.tribble.index.IndexFactory.createTabixIndex(IndexFactory.java:352)
	at htsjdk.tribble.index.IndexFactory.createTabixIndex(IndexFactory.java:365)
	at htsjdk.tribble.index.IndexFactory.createIndex(IndexFactory.java:308)
	at org.broadinstitute.hellbender.tools.IndexFeatureFile.createAppropriateIndexInMemory(IndexFeatureFile.java:106)
	at org.broadinstitute.hellbender.tools.IndexFeatureFile.doWork(IndexFeatureFile.java:72)
	at org.broadinstitute.hellbender.cmdline.CommandLineProgram.runTool(CommandLineProgram.java:139)
	at org.broadinstitute.hellbender.cmdline.CommandLineProgram.instanceMainPostParseArgs(CommandLineProgram.java:191)
	at org.broadinstitute.hellbender.cmdline.CommandLineProgram.instanceMain(CommandLineProgram.java:210)
	at org.broadinstitute.hellbender.Main.runCommandLineProgram(Main.java:162)
	at org.broadinstitute.hellbender.Main.mainEntry(Main.java:205)
	at org.broadinstitute.hellbender.Main.main(Main.java:291)
Using GATK jar /gatk/gatk-package-4.1.3.0-local.jar
Running:
    java -Dsamjdk.use_async_io_read_samtools=false -Dsamjdk.use_async_io_write_samtools=true -Dsamjdk.use_async_io_write_tribble=false -Dsamjdk.compression_level=2 -jar /gatk/gatk-package-4.1.3.0-local.jar IndexFeatureFile -F /gatk/my_data/HG007_MRG_35x.hard-filtered.vcf.gz
